<?xml version="1.0"?>
<testsuite name="PhantomJS 2.1.1 (Windows 8 0.0.0)" package="" timestamp="2016-08-16T10:26:26" id="0" hostname="VN-LAP-113-VNPC" tests="28" errors="0" failures="0" time="0.188">
  <properties>
    <property name="browser.fullName" value="Mozilla/5.0 (Windows NT 6.2; WOW64) AppleWebKit/538.1 (KHTML, like Gecko) PhantomJS/2.1.1 Safari/538.1"/>
  </properties>
  <testcase name="GetListCtrl Unit testing #1 Test 1. CourseList service, true result" time="0.034" classname="PhantomJS_2_1_1_(Windows_8_0_0_0).GetListCtrl Unit testing #1"/>
  <testcase name="GetListCtrl Unit testing #1 Test 2. CourseList service, true result" time="0.005" classname="PhantomJS_2_1_1_(Windows_8_0_0_0).GetListCtrl Unit testing #1"/>
  <testcase name="GetListCtrl Unit testing #1 Test 3. CourseList service, false result" time="0.005" classname="PhantomJS_2_1_1_(Windows_8_0_0_0).GetListCtrl Unit testing #1"/>
  <testcase name="GetListCtrl Unit testing #1 Test 4. CourseList service, false result" time="0.005" classname="PhantomJS_2_1_1_(Windows_8_0_0_0).GetListCtrl Unit testing #1"/>
  <testcase name="GetListCtrl Unit testing #1 Test 5: editCourse() test" time="0.004" classname="PhantomJS_2_1_1_(Windows_8_0_0_0).GetListCtrl Unit testing #1"/>
  <testcase name="GetListCtrl Unit testing #1 Test 6: editCourse() test" time="0.004" classname="PhantomJS_2_1_1_(Windows_8_0_0_0).GetListCtrl Unit testing #1"/>
  <testcase name="GetListCtrl Unit testing #1 Test 7: deleteCourse() test" time="0.005" classname="PhantomJS_2_1_1_(Windows_8_0_0_0).GetListCtrl Unit testing #1"/>
  <testcase name="GetListCtrl Unit testing #1 Test 8: deleteCourse() test" time="0.004" classname="PhantomJS_2_1_1_(Windows_8_0_0_0).GetListCtrl Unit testing #1"/>
  <testcase name="LoginCtrl Unit testing #2 Test 1: LoginCtrl Be Defined" time="0.006" classname="PhantomJS_2_1_1_(Windows_8_0_0_0).LoginCtrl Unit testing #2"/>
  <testcase name="LoginCtrl Unit testing #2 Test 2: Check Login Success " time="0.012" classname="PhantomJS_2_1_1_(Windows_8_0_0_0).LoginCtrl Unit testing #2"/>
  <testcase name="LoginCtrl Unit testing #2 Test 3: Check Login Fail: username true, password false " time="0.006" classname="PhantomJS_2_1_1_(Windows_8_0_0_0).LoginCtrl Unit testing #2"/>
  <testcase name="LoginCtrl Unit testing #2 Test 4: Check Login Fail: username false, password true " time="0.005" classname="PhantomJS_2_1_1_(Windows_8_0_0_0).LoginCtrl Unit testing #2"/>
  <testcase name="LoginCtrl Unit testing #2 Test 5: Check Login Fail: username null" time="0.005" classname="PhantomJS_2_1_1_(Windows_8_0_0_0).LoginCtrl Unit testing #2"/>
  <testcase name="LoginCtrl Unit testing #2 Test 6: Check Login Fail: password null " time="0.005" classname="PhantomJS_2_1_1_(Windows_8_0_0_0).LoginCtrl Unit testing #2"/>
  <testcase name="AddCourseCtrl Unit testing #3 Test 1: AddCourseCtrl Be Defined" time="0.005" classname="PhantomJS_2_1_1_(Windows_8_0_0_0).AddCourseCtrl Unit testing #3"/>
  <testcase name="AddCourseCtrl Unit testing #3 Test 2: addCourse() test" time="0.006" classname="PhantomJS_2_1_1_(Windows_8_0_0_0).AddCourseCtrl Unit testing #3"/>
  <testcase name="UpdateCourseCtrl Unit testing #4 Test 1: UpdateCourseCtrl Be Defined" time="0.015" classname="PhantomJS_2_1_1_(Windows_8_0_0_0).UpdateCourseCtrl Unit testing #4"/>
  <testcase name="UpdateCourseCtrl Unit testing #4 Test 2: updateCourse() test" time="0.006" classname="PhantomJS_2_1_1_(Windows_8_0_0_0).UpdateCourseCtrl Unit testing #4"/>
  <testcase name="SetCourseCtrl Unit testing #5 Test 1: setCourse Be Defined" time="0.006" classname="PhantomJS_2_1_1_(Windows_8_0_0_0).SetCourseCtrl Unit testing #5"/>
  <testcase name="SetCourseCtrl Unit testing #5 Test 2: post /course/getCourse" time="0.005" classname="PhantomJS_2_1_1_(Windows_8_0_0_0).SetCourseCtrl Unit testing #5"/>
  <testcase name="SetCourseCtrl Unit testing #5 Test 3: post /course/getCourse: courseName null" time="0.004" classname="PhantomJS_2_1_1_(Windows_8_0_0_0).SetCourseCtrl Unit testing #5"/>
  <testcase name="IsDeletedCourseCtrl Unit testing #6 Test 1: IsDeletedCourseCtrl Be Defined" time="0.005" classname="PhantomJS_2_1_1_(Windows_8_0_0_0).IsDeletedCourseCtrl Unit testing #6"/>
  <testcase name="IsDeletedCourseCtrl Unit testing #6 Test 2: isDeletedCourse() test" time="0.006" classname="PhantomJS_2_1_1_(Windows_8_0_0_0).IsDeletedCourseCtrl Unit testing #6"/>
  <testcase name="SetFeatureCtrl Unit testing #7 Test 1: SetFeatureCtrl Be Defined" time="0.004" classname="PhantomJS_2_1_1_(Windows_8_0_0_0).SetFeatureCtrl Unit testing #7"/>
  <testcase name="SetFeatureCtrl Unit testing #7 Test 2: get /course/features test" time="0.004" classname="PhantomJS_2_1_1_(Windows_8_0_0_0).SetFeatureCtrl Unit testing #7"/>
  <testcase name="Service test courseService test 1. getCourseList function test 1" time="0.007" classname="PhantomJS_2_1_1_(Windows_8_0_0_0).Service test"/>
  <testcase name="Service test courseService test 2. getCourseList function test 2" time="0.005" classname="PhantomJS_2_1_1_(Windows_8_0_0_0).Service test"/>
  <testcase name="Service test courseService test 3. getCourseList function test 3" time="0.005" classname="PhantomJS_2_1_1_(Windows_8_0_0_0).Service test"/>
  <system-out>
    <![CDATA[
]]>
  </system-out>
  <system-err/>
</testsuite>