TN:
SF:D:\tools\DEK-Talentnet\DCC\angular\app.js
FNF:0
FNH:0
LF:0
LH:0
BRF:0
BRH:0
end_of_record
TN:
SF:D:\tools\DEK-Talentnet\DCC\angular\controller.js
FN:4,(anonymous_1)
FN:5,(anonymous_2)
FN:15,(anonymous_3)
FN:20,(anonymous_4)
FN:37,(anonymous_5)
FN:38,(anonymous_6)
FN:53,(anonymous_7)
FN:58,(anonymous_8)
FN:66,(anonymous_9)
FN:74,(anonymous_10)
FN:77,(anonymous_11)
FN:82,(anonymous_12)
FN:95,(anonymous_13)
FN:105,(anonymous_14)
FN:108,(anonymous_15)
FN:117,(anonymous_16)
FN:128,(anonymous_17)
FN:165,(anonymous_18)
FN:176,(anonymous_19)
FN:189,(anonymous_20)
FN:190,(anonymous_21)
FN:198,(anonymous_22)
FN:203,(anonymous_23)
FN:213,(anonymous_24)
FN:226,(anonymous_25)
FN:228,(anonymous_26)
FN:230,(anonymous_27)
FN:239,(anonymous_28)
FN:244,(anonymous_29)
FN:245,(anonymous_30)
FN:247,(anonymous_31)
FN:256,(anonymous_32)
FN:261,(anonymous_33)
FN:262,(anonymous_34)
FN:264,(anonymous_35)
FN:273,(anonymous_36)
FN:282,(anonymous_37)
FN:286,(anonymous_38)
FN:290,(anonymous_39)
FN:294,(anonymous_40)
FN:298,(anonymous_41)
FN:302,(anonymous_42)
FN:308,(anonymous_43)
FN:313,(anonymous_44)
FN:326,(anonymous_45)
FN:333,(anonymous_46)
FN:339,(anonymous_47)
FN:343,(anonymous_48)
FN:349,(anonymous_49)
FNF:49
FNH:39
FNDA:0,(anonymous_1)
FNDA:0,(anonymous_2)
FNDA:7,(anonymous_3)
FNDA:5,(anonymous_4)
FNDA:6,(anonymous_5)
FNDA:5,(anonymous_6)
FNDA:1,(anonymous_7)
FNDA:3,(anonymous_8)
FNDA:2,(anonymous_9)
FNDA:8,(anonymous_10)
FNDA:4,(anonymous_11)
FNDA:2,(anonymous_12)
FNDA:2,(anonymous_13)
FNDA:2,(anonymous_14)
FNDA:1,(anonymous_15)
FNDA:3,(anonymous_16)
FNDA:1,(anonymous_17)
FNDA:2,(anonymous_18)
FNDA:2,(anonymous_19)
FNDA:1,(anonymous_20)
FNDA:1,(anonymous_21)
FNDA:2,(anonymous_22)
FNDA:1,(anonymous_23)
FNDA:2,(anonymous_24)
FNDA:1,(anonymous_25)
FNDA:1,(anonymous_26)
FNDA:1,(anonymous_27)
FNDA:2,(anonymous_28)
FNDA:1,(anonymous_29)
FNDA:1,(anonymous_30)
FNDA:1,(anonymous_31)
FNDA:2,(anonymous_32)
FNDA:1,(anonymous_33)
FNDA:1,(anonymous_34)
FNDA:1,(anonymous_35)
FNDA:1,(anonymous_36)
FNDA:0,(anonymous_37)
FNDA:0,(anonymous_38)
FNDA:0,(anonymous_39)
FNDA:0,(anonymous_40)
FNDA:0,(anonymous_41)
FNDA:0,(anonymous_42)
FNDA:0,(anonymous_43)
FNDA:7,(anonymous_44)
FNDA:3,(anonymous_45)
FNDA:0,(anonymous_46)
FNDA:1,(anonymous_47)
FNDA:1,(anonymous_48)
FNDA:1,(anonymous_49)
DA:1,1
DA:4,1
DA:5,0
DA:6,0
DA:13,1
DA:15,1
DA:19,7
DA:21,5
DA:22,5
DA:25,7
DA:26,5
DA:29,7
DA:31,7
DA:35,7
DA:37,7
DA:38,6
DA:39,5
DA:40,1
DA:41,1
DA:42,1
DA:43,1
DA:44,1
DA:46,4
DA:47,4
DA:48,4
DA:53,7
DA:54,1
DA:58,1
DA:61,3
DA:62,3
DA:63,3
DA:64,3
DA:67,2
DA:68,2
DA:69,2
DA:70,2
DA:74,1
DA:77,8
DA:78,4
DA:82,8
DA:83,2
DA:95,8
DA:97,2
DA:105,1
DA:108,2
DA:109,1
DA:110,1
DA:111,1
DA:112,1
DA:117,1
DA:118,3
DA:128,3
DA:129,1
DA:130,1
DA:132,1
DA:133,1
DA:134,1
DA:135,1
DA:137,0
DA:138,0
DA:139,0
DA:140,0
DA:142,0
DA:143,0
DA:144,0
DA:145,0
DA:147,0
DA:148,0
DA:149,0
DA:153,3
DA:165,3
DA:166,2
DA:167,2
DA:168,2
DA:169,2
DA:170,2
DA:171,2
DA:172,2
DA:173,2
DA:174,2
DA:175,2
DA:177,2
DA:178,1
DA:180,1
DA:181,0
DA:183,1
DA:184,0
DA:188,3
DA:189,3
DA:190,1
DA:191,1
DA:192,1
DA:198,1
DA:199,2
DA:203,2
DA:204,1
DA:207,2
DA:213,1
DA:216,2
DA:224,2
DA:225,2
DA:226,2
DA:228,1
DA:229,1
DA:230,1
DA:231,1
DA:232,1
DA:239,1
DA:242,2
DA:243,2
DA:244,2
DA:245,1
DA:246,1
DA:247,1
DA:248,1
DA:249,1
DA:256,1
DA:259,2
DA:260,2
DA:261,2
DA:262,1
DA:263,1
DA:264,1
DA:265,1
DA:266,1
DA:273,1
DA:276,1
DA:277,1
DA:278,1
DA:279,1
DA:280,1
DA:281,1
DA:282,1
DA:283,0
DA:287,0
DA:290,1
DA:291,0
DA:295,0
DA:298,1
DA:299,0
DA:300,0
DA:303,0
DA:306,1
DA:309,0
DA:313,1
DA:316,7
DA:318,7
DA:320,7
DA:323,7
DA:325,7
DA:326,7
DA:327,3
DA:328,3
DA:333,7
DA:334,0
DA:335,0
DA:336,0
DA:339,7
DA:340,1
DA:343,7
DA:344,1
DA:346,7
DA:349,7
DA:350,1
DA:351,1
DA:352,1
DA:353,0
DA:354,0
DA:355,0
DA:356,0
DA:357,0
DA:358,0
DA:359,0
DA:361,0
DA:362,0
DA:363,0
DA:364,0
LF:177
LH:140
BRDA:25,1,0,5
BRDA:25,1,1,2
BRDA:39,2,0,1
BRDA:39,2,1,4
BRDA:130,3,0,1
BRDA:130,3,1,0
BRDA:130,3,2,0
BRDA:130,3,3,0
BRDA:177,4,0,1
BRDA:177,4,1,1
BRDA:180,5,0,0
BRDA:180,5,1,1
BRDA:183,6,0,0
BRDA:183,6,1,1
BRDA:328,7,0,1
BRDA:328,7,1,2
BRDA:354,8,0,0
BRDA:354,8,1,0
BRDA:358,9,0,0
BRDA:358,9,1,0
BRF:20
BRH:11
end_of_record
TN:
SF:D:\tools\DEK-Talentnet\DCC\angular\service.js
FN:2,(anonymous_1)
FN:3,(anonymous_2)
FN:5,(anonymous_3)
FN:13,(anonymous_4)
FN:14,(anonymous_5)
FNF:5
FNH:5
FNDA:17,(anonymous_1)
FNDA:6,(anonymous_2)
FNDA:6,(anonymous_3)
FNDA:13,(anonymous_4)
FNDA:8,(anonymous_5)
DA:1,1
DA:2,1
DA:3,17
DA:4,6
DA:5,6
DA:6,6
DA:7,6
DA:8,6
DA:13,1
DA:14,13
DA:15,8
LF:11
LH:11
BRF:0
BRH:0
end_of_record
