TN:
SF:D:\tools\DEK-Talentnet\DCC\angular\app.js
FNF:0
FNH:0
LF:0
LH:0
BRF:0
BRH:0
end_of_record
TN:
SF:D:\tools\DEK-Talentnet\DCC\angular\controller.js
FN:4,(anonymous_1)
FN:7,(anonymous_2)
FN:17,(anonymous_3)
FN:22,(anonymous_4)
FN:39,(anonymous_5)
FN:40,(anonymous_6)
FN:55,(anonymous_7)
FN:61,(anonymous_8)
FN:69,(anonymous_9)
FN:77,(anonymous_10)
FN:80,(anonymous_11)
FN:85,(anonymous_12)
FN:98,(anonymous_13)
FN:108,(anonymous_14)
FN:111,(anonymous_15)
FN:120,(anonymous_16)
FN:132,(anonymous_17)
FN:145,(anonymous_18)
FN:146,(anonymous_19)
FN:154,(anonymous_20)
FN:159,(anonymous_21)
FN:164,(anonymous_22)
FN:165,(anonymous_23)
FN:175,(anonymous_24)
FN:188,(anonymous_25)
FN:190,(anonymous_26)
FN:192,(anonymous_27)
FN:201,(anonymous_28)
FN:206,(anonymous_29)
FN:207,(anonymous_30)
FN:209,(anonymous_31)
FN:218,(anonymous_32)
FN:223,(anonymous_33)
FN:224,(anonymous_34)
FN:226,(anonymous_35)
FN:235,(anonymous_36)
FN:244,(anonymous_37)
FN:248,(anonymous_38)
FN:252,(anonymous_39)
FN:256,(anonymous_40)
FN:260,(anonymous_41)
FN:264,(anonymous_42)
FN:270,(anonymous_43)
FN:275,(anonymous_44)
FN:288,(anonymous_45)
FN:295,(anonymous_46)
FN:301,(anonymous_47)
FN:305,(anonymous_48)
FN:311,(anonymous_49)
FNF:49
FNH:37
FNDA:0,(anonymous_1)
FNDA:0,(anonymous_2)
FNDA:7,(anonymous_3)
FNDA:5,(anonymous_4)
FNDA:6,(anonymous_5)
FNDA:5,(anonymous_6)
FNDA:1,(anonymous_7)
FNDA:3,(anonymous_8)
FNDA:2,(anonymous_9)
FNDA:8,(anonymous_10)
FNDA:4,(anonymous_11)
FNDA:2,(anonymous_12)
FNDA:2,(anonymous_13)
FNDA:2,(anonymous_14)
FNDA:1,(anonymous_15)
FNDA:3,(anonymous_16)
FNDA:2,(anonymous_17)
FNDA:1,(anonymous_18)
FNDA:1,(anonymous_19)
FNDA:2,(anonymous_20)
FNDA:1,(anonymous_21)
FNDA:0,(anonymous_22)
FNDA:0,(anonymous_23)
FNDA:2,(anonymous_24)
FNDA:1,(anonymous_25)
FNDA:1,(anonymous_26)
FNDA:1,(anonymous_27)
FNDA:2,(anonymous_28)
FNDA:1,(anonymous_29)
FNDA:1,(anonymous_30)
FNDA:1,(anonymous_31)
FNDA:2,(anonymous_32)
FNDA:1,(anonymous_33)
FNDA:1,(anonymous_34)
FNDA:1,(anonymous_35)
FNDA:1,(anonymous_36)
FNDA:0,(anonymous_37)
FNDA:0,(anonymous_38)
FNDA:0,(anonymous_39)
FNDA:0,(anonymous_40)
FNDA:0,(anonymous_41)
FNDA:0,(anonymous_42)
FNDA:0,(anonymous_43)
FNDA:7,(anonymous_44)
FNDA:3,(anonymous_45)
FNDA:0,(anonymous_46)
FNDA:1,(anonymous_47)
FNDA:1,(anonymous_48)
FNDA:1,(anonymous_49)
DA:1,1
DA:4,1
DA:7,0
DA:8,0
DA:15,1
DA:17,1
DA:21,7
DA:23,5
DA:24,5
DA:27,7
DA:28,5
DA:31,7
DA:33,7
DA:37,7
DA:39,7
DA:40,6
DA:41,5
DA:42,1
DA:43,1
DA:44,1
DA:45,1
DA:46,1
DA:48,4
DA:49,4
DA:50,4
DA:55,7
DA:56,1
DA:57,1
DA:61,1
DA:64,3
DA:65,3
DA:66,3
DA:67,3
DA:70,2
DA:71,2
DA:72,2
DA:73,2
DA:77,1
DA:80,8
DA:81,4
DA:85,8
DA:86,2
DA:98,8
DA:100,2
DA:108,1
DA:111,2
DA:112,1
DA:113,1
DA:114,1
DA:115,1
DA:120,1
DA:121,3
DA:132,3
DA:133,2
DA:134,2
DA:135,2
DA:136,2
DA:137,2
DA:138,2
DA:139,2
DA:140,2
DA:141,2
DA:142,2
DA:144,3
DA:145,3
DA:146,1
DA:147,1
DA:148,1
DA:154,1
DA:155,2
DA:159,2
DA:160,1
DA:163,2
DA:164,2
DA:165,0
DA:166,0
DA:167,0
DA:175,1
DA:178,2
DA:186,2
DA:187,2
DA:188,2
DA:190,1
DA:191,1
DA:192,1
DA:193,1
DA:194,1
DA:201,1
DA:204,2
DA:205,2
DA:206,2
DA:207,1
DA:208,1
DA:209,1
DA:210,1
DA:211,1
DA:218,1
DA:221,2
DA:222,2
DA:223,2
DA:224,1
DA:225,1
DA:226,1
DA:227,1
DA:228,1
DA:235,1
DA:238,1
DA:239,1
DA:240,1
DA:241,1
DA:242,1
DA:243,1
DA:244,1
DA:245,0
DA:249,0
DA:252,1
DA:253,0
DA:257,0
DA:260,1
DA:261,0
DA:262,0
DA:265,0
DA:268,1
DA:271,0
DA:275,1
DA:278,7
DA:280,7
DA:282,7
DA:285,7
DA:287,7
DA:288,7
DA:289,3
DA:290,3
DA:295,7
DA:296,0
DA:297,0
DA:298,0
DA:301,7
DA:302,1
DA:305,7
DA:306,1
DA:308,7
DA:311,7
DA:312,1
DA:313,1
DA:314,1
DA:315,0
DA:316,0
DA:317,0
DA:318,0
DA:319,0
DA:320,0
DA:321,0
DA:323,0
DA:324,0
DA:325,0
DA:326,0
LF:157
LH:130
BRDA:27,1,0,5
BRDA:27,1,1,2
BRDA:41,2,0,1
BRDA:41,2,1,4
BRDA:290,3,0,1
BRDA:290,3,1,2
BRDA:316,4,0,0
BRDA:316,4,1,0
BRDA:320,5,0,0
BRDA:320,5,1,0
BRF:10
BRH:6
end_of_record
TN:
SF:D:\tools\DEK-Talentnet\DCC\angular\service.js
FN:2,(anonymous_1)
FN:3,(anonymous_2)
FN:5,(anonymous_3)
FN:13,(anonymous_4)
FN:14,(anonymous_5)
FNF:5
FNH:5
FNDA:17,(anonymous_1)
FNDA:6,(anonymous_2)
FNDA:6,(anonymous_3)
FNDA:13,(anonymous_4)
FNDA:8,(anonymous_5)
DA:1,1
DA:2,1
DA:3,17
DA:4,6
DA:5,6
DA:6,6
DA:7,6
DA:8,6
DA:13,1
DA:14,13
DA:15,8
LF:11
LH:11
BRF:0
BRH:0
end_of_record
