<?xml version="1.0"?>
<testsuite name="Chrome 52.0.2743 (Windows 10 0.0.0)" package="" timestamp="2016-08-11T09:54:51" id="0" hostname="VN-LAP-77-VNPC" tests="18" errors="1" failures="0" time="0.202">
  <properties>
    <property name="browser.fullName" value="Mozilla/5.0 (Windows NT 10.0; Win64; x64) AppleWebKit/537.36 (KHTML, like Gecko) Chrome/52.0.2743.116 Safari/537.36"/>
  </properties>
  <testcase name="Controllers Unit testing Test 1: LoginCtrl Be Defined" time="0.066" classname="Chrome_52_0_2743_(Windows_10_0_0_0).Controllers Unit testing"/>
  <testcase name="Controllers Unit testing Test 2: Check Login Success " time="0.023" classname="Chrome_52_0_2743_(Windows_10_0_0_0).Controllers Unit testing"/>
  <testcase name="Controllers Unit testing Test 3: Check Login Fail: username true, password false " time="0.01" classname="Chrome_52_0_2743_(Windows_10_0_0_0).Controllers Unit testing"/>
  <testcase name="Controllers Unit testing Test 4: Check Login Fail: username false, password true " time="0.008" classname="Chrome_52_0_2743_(Windows_10_0_0_0).Controllers Unit testing"/>
  <testcase name="Controllers Unit testing Test 5: Check Login Fail: username null" time="0.008" classname="Chrome_52_0_2743_(Windows_10_0_0_0).Controllers Unit testing"/>
  <testcase name="Controllers Unit testing Test 6: Check Login Fail: password null " time="0.007" classname="Chrome_52_0_2743_(Windows_10_0_0_0).Controllers Unit testing"/>
  <testcase name="Controllers Unit testing Test 7: addCourse Be Defined" time="0.004" classname="Chrome_52_0_2743_(Windows_10_0_0_0).Controllers Unit testing"/>
  <testcase name="Controllers Unit testing Test 8: addCourse() test" time="0.009" classname="Chrome_52_0_2743_(Windows_10_0_0_0).Controllers Unit testing"/>
  <testcase name="Controllers Unit testing Test 9: updateCourse Be Defined" time="0.004" classname="Chrome_52_0_2743_(Windows_10_0_0_0).Controllers Unit testing"/>
  <testcase name="Controllers Unit testing Test 10: updateCourse() test" time="0.007" classname="Chrome_52_0_2743_(Windows_10_0_0_0).Controllers Unit testing"/>
  <testcase name="Controllers Unit testing Test 11: isDeletedCourse Be Defined" time="0.004" classname="Chrome_52_0_2743_(Windows_10_0_0_0).Controllers Unit testing"/>
  <testcase name="Controllers Unit testing Test 12: isDeletedCourse() test" time="0.006" classname="Chrome_52_0_2743_(Windows_10_0_0_0).Controllers Unit testing"/>
  <testcase name="Controllers Unit testing Test 13: setFeature Be Defined" time="0.008" classname="Chrome_52_0_2743_(Windows_10_0_0_0).Controllers Unit testing"/>
  <testcase name="Controllers Unit testing Test 14: setFeature Be Defined" time="0.006" classname="Chrome_52_0_2743_(Windows_10_0_0_0).Controllers Unit testing"/>
  <testcase name="Controllers Unit testing Test 15: get /course/features test" time="0.008" classname="Chrome_52_0_2743_(Windows_10_0_0_0).Controllers Unit testing"/>
  <testcase name="Controllers Unit testing Test 1: setProfile Be Defined" time="0.005" classname="Chrome_52_0_2743_(Windows_10_0_0_0).Controllers Unit testing"/>
  <testcase name="Controllers Unit testing Test 2: get /users/userprofileController" time="0.009" classname="Chrome_52_0_2743_(Windows_10_0_0_0).Controllers Unit testing"/>
  <testcase name="Controllers Unit testing Test 3: Edit userProfile" time="0.01" classname="Chrome_52_0_2743_(Windows_10_0_0_0).Controllers Unit testing"/>
  <system-out>
    <![CDATA[Chrome 52.0.2743 (Windows 10 0.0.0) LOG: 'this is test 1'
,Chrome 52.0.2743 (Windows 10 0.0.0) LOG: 'this is test 2'
,Chrome 52.0.2743 (Windows 10 0.0.0) ERROR
  Some of your tests did a full page reload!

]]>
  </system-out>
  <system-err/>
</testsuite>